DEBUG:root:Hey I am coming Here
DEBUG:root:Hey I am coming Here
DEBUG:django.db.backends:(0.018) INSERT INTO "bigfive_answers" ("name", "q1", "q2", "q3", "q4", "q5", "q6", "q7", "q8", "q9", "q10") VALUES (avanthika, 2, 2, 2, 2, 3, 3, 3, 3, 4, 4); args=['avanthika', '2', '2', '2', '2', '3', '3', '3', '3', '4', '4']
DEBUG:root:Hey I am coming Here
DEBUG:root:Hey I am coming Here
DEBUG:django.db.backends:(0.001) SELECT "django_session"."session_key", "django_session"."session_data", "django_session"."expire_date" FROM "django_session" WHERE ("django_session"."session_key" = alxifi9v83kgxrck0u81wc6d0yqmssh8  AND "django_session"."expire_date" > 2017-10-04 12:39:54.566672 ); args=('alxifi9v83kgxrck0u81wc6d0yqmssh8', u'2017-10-04 12:39:54.566672')
DEBUG:django.db.backends:(0.000) SELECT (1) AS "a" FROM "django_session" WHERE "django_session"."session_key" = alxifi9v83kgxrck0u81wc6d0yqmssh8  LIMIT 1; args=('alxifi9v83kgxrck0u81wc6d0yqmssh8',)
DEBUG:django.db.backends:(0.000) UPDATE "django_session" SET "session_data" = NjJhYzQ2MjViMzMxMTBmNGY5ZDJjNjkxMGQwODI4MjJmODg3OGNlMjqAAn1xAVgKAAAAdGVzdGNvb2tpZXECWAYAAAB3b3JrZWRxA3Mu, "expire_date" = 2017-10-18 12:39:54.589167 WHERE "django_session"."session_key" = alxifi9v83kgxrck0u81wc6d0yqmssh8 ; args=(u'NjJhYzQ2MjViMzMxMTBmNGY5ZDJjNjkxMGQwODI4MjJmODg3OGNlMjqAAn1xAVgKAAAAdGVzdGNvb2tpZXECWAYAAAB3b3JrZWRxA3Mu', u'2017-10-18 12:39:54.589167', 'alxifi9v83kgxrck0u81wc6d0yqmssh8')
DEBUG:django.db.backends:(0.001) SELECT "django_session"."session_key", "django_session"."session_data", "django_session"."expire_date" FROM "django_session" WHERE ("django_session"."session_key" = alxifi9v83kgxrck0u81wc6d0yqmssh8  AND "django_session"."expire_date" > 2017-10-04 12:40:02.336863 ); args=('alxifi9v83kgxrck0u81wc6d0yqmssh8', u'2017-10-04 12:40:02.336863')
DEBUG:django.db.backends:(0.000) SELECT "auth_user"."id", "auth_user"."password", "auth_user"."last_login", "auth_user"."is_superuser", "auth_user"."username", "auth_user"."first_name", "auth_user"."last_name", "auth_user"."email", "auth_user"."is_staff", "auth_user"."is_active", "auth_user"."date_joined" FROM "auth_user" WHERE "auth_user"."username" = avinash ; args=(u'avinash',)
DEBUG:django.db.backends:(0.000) SELECT (1) AS "a" FROM "django_session" WHERE "django_session"."session_key" = jshq3hey8idz4h65o2jrhuv6618vqq83  LIMIT 1; args=(u'jshq3hey8idz4h65o2jrhuv6618vqq83',)
DEBUG:django.db.backends:(0.000) INSERT INTO "django_session" ("session_key", "session_data", "expire_date") SELECT jshq3hey8idz4h65o2jrhuv6618vqq83 AS "session_key", MTA0MjczMGU2MzFmYWQyNzI3NzNkM2MxNTllNjRjZGFkYTIwYWM0NzqAAn1xAVgKAAAAdGVzdGNvb2tpZVgGAAAAd29ya2Vkcy4= AS "session_data", 2017-10-18 12:40:02.499128 AS "expire_date"; args=(u'jshq3hey8idz4h65o2jrhuv6618vqq83', u'MTA0MjczMGU2MzFmYWQyNzI3NzNkM2MxNTllNjRjZGFkYTIwYWM0NzqAAn1xAVgKAAAAdGVzdGNvb2tpZVgGAAAAd29ya2Vkcy4=', u'2017-10-18 12:40:02.499128')
DEBUG:django.db.backends:(0.000) SELECT "django_session"."session_key", "django_session"."session_data", "django_session"."expire_date" FROM "django_session" WHERE "django_session"."session_key" = alxifi9v83kgxrck0u81wc6d0yqmssh8 ; args=('alxifi9v83kgxrck0u81wc6d0yqmssh8',)
DEBUG:django.db.backends:(0.000) DELETE FROM "django_session" WHERE "session_key" IN (alxifi9v83kgxrck0u81wc6d0yqmssh8); args=(u'alxifi9v83kgxrck0u81wc6d0yqmssh8',)
DEBUG:django.db.backends:(0.000) UPDATE "auth_user" SET "last_login" = 2017-10-04 12:40:02.692898 WHERE "auth_user"."id" = 1 ; args=(u'2017-10-04 12:40:02.692898', 1)
DEBUG:django.db.backends:(0.000) SELECT (1) AS "a" FROM "django_session" WHERE "django_session"."session_key" = jshq3hey8idz4h65o2jrhuv6618vqq83  LIMIT 1; args=(u'jshq3hey8idz4h65o2jrhuv6618vqq83',)
DEBUG:django.db.backends:(0.000) UPDATE "django_session" SET "session_data" = ZjA2ZDRmNDQyYTUxNDQ3NjVhMzJhZTMwZGFlY2RmOWQzMjY1NDA2MjqAAn1xAShVEl9hdXRoX3VzZXJfYmFja2VuZHECVSlkamFuZ28uY29udHJpYi5hdXRoLmJhY2tlbmRzLk1vZGVsQmFja2VuZHEDVQ1fYXV0aF91c2VyX2lkcQRLAXUu, "expire_date" = 2017-10-18 12:40:02.793278 WHERE "django_session"."session_key" = jshq3hey8idz4h65o2jrhuv6618vqq83 ; args=(u'ZjA2ZDRmNDQyYTUxNDQ3NjVhMzJhZTMwZGFlY2RmOWQzMjY1NDA2MjqAAn1xAShVEl9hdXRoX3VzZXJfYmFja2VuZHECVSlkamFuZ28uY29udHJpYi5hdXRoLmJhY2tlbmRzLk1vZGVsQmFja2VuZHEDVQ1fYXV0aF91c2VyX2lkcQRLAXUu', u'2017-10-18 12:40:02.793278', u'jshq3hey8idz4h65o2jrhuv6618vqq83')
DEBUG:django.db.backends:(0.001) SELECT "django_session"."session_key", "django_session"."session_data", "django_session"."expire_date" FROM "django_session" WHERE ("django_session"."session_key" = jshq3hey8idz4h65o2jrhuv6618vqq83  AND "django_session"."expire_date" > 2017-10-04 12:40:02.897422 ); args=('jshq3hey8idz4h65o2jrhuv6618vqq83', u'2017-10-04 12:40:02.897422')
DEBUG:django.db.backends:(0.000) SELECT "auth_user"."id", "auth_user"."password", "auth_user"."last_login", "auth_user"."is_superuser", "auth_user"."username", "auth_user"."first_name", "auth_user"."last_name", "auth_user"."email", "auth_user"."is_staff", "auth_user"."is_active", "auth_user"."date_joined" FROM "auth_user" WHERE "auth_user"."id" = 1 ; args=(1,)
DEBUG:django.db.backends:(0.000) SELECT "django_admin_log"."id", "django_admin_log"."action_time", "django_admin_log"."user_id", "django_admin_log"."content_type_id", "django_admin_log"."object_id", "django_admin_log"."object_repr", "django_admin_log"."action_flag", "django_admin_log"."change_message", "auth_user"."id", "auth_user"."password", "auth_user"."last_login", "auth_user"."is_superuser", "auth_user"."username", "auth_user"."first_name", "auth_user"."last_name", "auth_user"."email", "auth_user"."is_staff", "auth_user"."is_active", "auth_user"."date_joined", "django_content_type"."id", "django_content_type"."name", "django_content_type"."app_label", "django_content_type"."model" FROM "django_admin_log" INNER JOIN "auth_user" ON ("django_admin_log"."user_id" = "auth_user"."id") LEFT OUTER JOIN "django_content_type" ON ("django_admin_log"."content_type_id" = "django_content_type"."id") WHERE "django_admin_log"."user_id" = 1  ORDER BY "django_admin_log"."action_time" DESC LIMIT 10; args=(1,)
DEBUG:django.db.backends:(0.001) SELECT "django_session"."session_key", "django_session"."session_data", "django_session"."expire_date" FROM "django_session" WHERE ("django_session"."session_key" = jshq3hey8idz4h65o2jrhuv6618vqq83  AND "django_session"."expire_date" > 2017-10-04 12:40:12.040914 ); args=('jshq3hey8idz4h65o2jrhuv6618vqq83', u'2017-10-04 12:40:12.040914')
DEBUG:django.db.backends:(0.000) SELECT "auth_user"."id", "auth_user"."password", "auth_user"."last_login", "auth_user"."is_superuser", "auth_user"."username", "auth_user"."first_name", "auth_user"."last_name", "auth_user"."email", "auth_user"."is_staff", "auth_user"."is_active", "auth_user"."date_joined" FROM "auth_user" WHERE "auth_user"."id" = 1 ; args=(1,)
DEBUG:django.db.backends:(0.000) SELECT "django_admin_log"."id", "django_admin_log"."action_time", "django_admin_log"."user_id", "django_admin_log"."content_type_id", "django_admin_log"."object_id", "django_admin_log"."object_repr", "django_admin_log"."action_flag", "django_admin_log"."change_message", "auth_user"."id", "auth_user"."password", "auth_user"."last_login", "auth_user"."is_superuser", "auth_user"."username", "auth_user"."first_name", "auth_user"."last_name", "auth_user"."email", "auth_user"."is_staff", "auth_user"."is_active", "auth_user"."date_joined", "django_content_type"."id", "django_content_type"."name", "django_content_type"."app_label", "django_content_type"."model" FROM "django_admin_log" INNER JOIN "auth_user" ON ("django_admin_log"."user_id" = "auth_user"."id") LEFT OUTER JOIN "django_content_type" ON ("django_admin_log"."content_type_id" = "django_content_type"."id") WHERE "django_admin_log"."user_id" = 1  ORDER BY "django_admin_log"."action_time" DESC LIMIT 10; args=(1,)
DEBUG:root:Hey I am coming Here
DEBUG:django.db.backends:(0.001) SELECT "django_session"."session_key", "django_session"."session_data", "django_session"."expire_date" FROM "django_session" WHERE ("django_session"."session_key" = jshq3hey8idz4h65o2jrhuv6618vqq83  AND "django_session"."expire_date" > 2017-10-04 12:41:00.782365 ); args=('jshq3hey8idz4h65o2jrhuv6618vqq83', u'2017-10-04 12:41:00.782365')
DEBUG:django.db.backends:(0.001) SELECT "auth_user"."id", "auth_user"."password", "auth_user"."last_login", "auth_user"."is_superuser", "auth_user"."username", "auth_user"."first_name", "auth_user"."last_name", "auth_user"."email", "auth_user"."is_staff", "auth_user"."is_active", "auth_user"."date_joined" FROM "auth_user" WHERE "auth_user"."id" = 1 ; args=(1,)
DEBUG:django.db.backends:(0.000) SELECT "django_admin_log"."id", "django_admin_log"."action_time", "django_admin_log"."user_id", "django_admin_log"."content_type_id", "django_admin_log"."object_id", "django_admin_log"."object_repr", "django_admin_log"."action_flag", "django_admin_log"."change_message", "auth_user"."id", "auth_user"."password", "auth_user"."last_login", "auth_user"."is_superuser", "auth_user"."username", "auth_user"."first_name", "auth_user"."last_name", "auth_user"."email", "auth_user"."is_staff", "auth_user"."is_active", "auth_user"."date_joined", "django_content_type"."id", "django_content_type"."name", "django_content_type"."app_label", "django_content_type"."model" FROM "django_admin_log" INNER JOIN "auth_user" ON ("django_admin_log"."user_id" = "auth_user"."id") LEFT OUTER JOIN "django_content_type" ON ("django_admin_log"."content_type_id" = "django_content_type"."id") WHERE "django_admin_log"."user_id" = 1  ORDER BY "django_admin_log"."action_time" DESC LIMIT 10; args=(1,)
DEBUG:root:Hey I am coming Here
DEBUG:root:Hey I am coming Here
DEBUG:root:Hey I am coming Here
DEBUG:root:Hey I am coming Here
DEBUG:root:Hey I am coming Here
DEBUG:root:Hey I am coming Here
DEBUG:root:Hey I am coming Here
DEBUG:root:Hey I am coming Here
DEBUG:root:Hey I am coming Here
DEBUG:root:Hey I am coming Here
DEBUG:root:Hey I am coming Here
DEBUG:root:Hey I am coming Here
DEBUG:root:Hey I am coming Here
